<?xml version="1.0" encoding="utf-8"?><testsuites><testsuite name="pytest" errors="0" failures="0" skipped="0" tests="239" time="0.982" timestamp="2026-06-08T14:57:44.712552+03:00" hostname="DESKTOP-RPQD32O"><testcase classname="tests.integration.test_borrow_return.TestBorrowBook" name="test_borrow_available_book" time="0.002" /><testcase classname="tests.integration.test_borrow_return.TestBorrowBook" name="test_book_becomes_borrowed_after_loan" time="0.002" /><testcase classname="tests.integration.test_borrow_return.TestBorrowBook" name="test_user_borrowed_books_updated" time="0.003" /><testcase classname="tests.integration.test_borrow_return.TestBorrowBook" name="test_borrow_unavailable_book_raises" time="0.001" /><testcase classname="tests.integration.test_borrow_return.TestBorrowBook" name="test_blocked_user_cannot_borrow" time="0.002" /><testcase classname="tests.integration.test_borrow_return.TestBorrowBook" name="test_user_at_borrow_limit_cannot_borrow" time="0.001" /><testcase classname="tests.integration.test_borrow_return.TestBorrowBook" name="test_already_borrowed_same_book_raises" time="0.001" /><testcase classname="tests.integration.test_borrow_return.TestBorrowBook" name="test_borrow_nonexistent_book_raises" time="0.002" /><testcase classname="tests.integration.test_borrow_return.TestBorrowBook" name="test_borrow_nonexistent_user_raises" time="0.001" /><testcase classname="tests.integration.test_borrow_return.TestBorrowBook" name="test_custom_loan_duration" time="0.001" /><testcase classname="tests.integration.test_borrow_return.TestBorrowBook" name="test_borrow_count_increments" time="0.002" /><testcase classname="tests.integration.test_borrow_return.TestReturnBook" name="test_return_book_success" time="0.001" /><testcase classname="tests.integration.test_borrow_return.TestReturnBook" name="test_book_available_after_return" time="0.002" /><testcase classname="tests.integration.test_borrow_return.TestReturnBook" name="test_user_borrowed_books_updated_on_return" time="0.001" /><testcase classname="tests.integration.test_borrow_return.TestReturnBook" name="test_return_overdue_charges_fine" time="0.001" /><testcase classname="tests.integration.test_borrow_return.TestReturnBook" name="test_return_nonexistent_loan_raises" time="0.002" /><testcase classname="tests.integration.test_borrow_return.TestReturnBook" name="test_return_creates_notification" time="0.001" /><testcase classname="tests.integration.test_borrow_return.TestReturnBook" name="test_return_book_with_queue_sets_reserved" time="0.001" /><testcase classname="tests.integration.test_borrow_return.TestExtendLoan" name="test_extend_loan_success" time="0.002" /><testcase classname="tests.integration.test_borrow_return.TestExtendLoan" name="test_extend_adds_7_days" time="0.001" /><testcase classname="tests.integration.test_borrow_return.TestExtendLoan" name="test_extend_twice_raises" time="0.001" /><testcase classname="tests.integration.test_borrow_return.TestExtendLoan" name="test_extend_no_active_loan_raises" time="0.002" /><testcase classname="tests.integration.test_edge_cases.TestEdgeCases" name="test_user_blocked_by_excessive_fines" time="0.001" /><testcase classname="tests.integration.test_edge_cases.TestEdgeCases" name="test_user_at_exact_limit_can_still_borrow" time="0.001" /><testcase classname="tests.integration.test_edge_cases.TestEdgeCases" name="test_user_fine_at_limit_blocked_cannot_borrow" time="0.002" /><testcase classname="tests.integration.test_edge_cases.TestEdgeCases" name="test_borrow_5_books_exactly_at_limit" time="0.001" /><testcase classname="tests.integration.test_edge_cases.TestEdgeCases" name="test_return_then_can_borrow_again" time="0.001" /><testcase classname="tests.integration.test_edge_cases.TestEdgeCases" name="test_notification_fine_charged_message_contains_amount" time="0.002" /><testcase classname="tests.integration.test_edge_cases.TestEdgeCases" name="test_queue_order_respected_after_return" time="0.001" /><testcase classname="tests.integration.test_edge_cases.TestEdgeCases" name="test_empty_search_returns_all" time="0.001" /><testcase classname="tests.integration.test_edge_cases.TestEdgeCases" name="test_statistics_empty_library" time="0.001" /><testcase classname="tests.integration.test_edge_cases.TestEdgeCases" name="test_overdue_fine_sets_exactly_threshold_blocks" time="0.001" /><testcase classname="tests.integration.test_edge_cases.TestEdgeCases" name="test_multiple_books_same_author_search" time="0.002" /><testcase classname="tests.integration.test_edge_cases.TestEdgeCases" name="test_process_overdue_sends_notifications" time="0.009" /><testcase classname="tests.integration.test_edge_cases.TestEdgeCases" name="test_get_active_loans_excludes_returned" time="0.001" /><testcase classname="tests.integration.test_reservations_users_fines.TestReservations" name="test_reserve_borrowed_book" time="0.001" /><testcase classname="tests.integration.test_reservations_users_fines.TestReservations" name="test_reserve_available_book_raises" time="0.001" /><testcase classname="tests.integration.test_reservations_users_fines.TestReservations" name="test_duplicate_reservation_raises" time="0.001" /><testcase classname="tests.integration.test_reservations_users_fines.TestReservations" name="test_blocked_user_cannot_reserve" time="0.002" /><testcase classname="tests.integration.test_reservations_users_fines.TestReservations" name="test_cancel_reservation" time="0.001" /><testcase classname="tests.integration.test_reservations_users_fines.TestReservations" name="test_cancel_last_reservation_makes_available" time="0.002" /><testcase classname="tests.integration.test_reservations_users_fines.TestReservations" name="test_multiple_users_queue" time="0.002" /><testcase classname="tests.integration.test_reservations_users_fines.TestUserManagement" name="test_register_user" time="0.001" /><testcase classname="tests.integration.test_reservations_users_fines.TestUserManagement" name="test_duplicate_email_raises" time="0.002" /><testcase classname="tests.integration.test_reservations_users_fines.TestUserManagement" name="test_block_user_manually" time="0.001" /><testcase classname="tests.integration.test_reservations_users_fines.TestUserManagement" name="test_unblock_user" time="0.001" /><testcase classname="tests.integration.test_reservations_users_fines.TestUserManagement" name="test_pay_fine_reduces_amount" time="0.002" /><testcase classname="tests.integration.test_reservations_users_fines.TestUserManagement" name="test_pay_fine_unblocks_user" time="0.001" /><testcase classname="tests.integration.test_reservations_users_fines.TestUserManagement" name="test_get_nonexistent_user_raises" time="0.001" /><testcase classname="tests.integration.test_reservations_users_fines.TestUserManagement" name="test_block_sends_notification" time="0.002" /><testcase classname="tests.integration.test_reservations_users_fines.TestFineStrategies" name="test_service_uses_standard_by_default" time="0.001" /><testcase classname="tests.integration.test_reservations_users_fines.TestFineStrategies" name="test_switch_to_progressive_strategy" time="0.001" /><testcase classname="tests.integration.test_reservations_users_fines.TestFineStrategies" name="test_switch_to_flat_strategy" time="0.001" /><testcase classname="tests.integration.test_reservations_users_fines.TestFineStrategies" name="test_switch_to_weekly_strategy" time="0.001" /><testcase classname="tests.integration.test_reservations_users_fines.TestFineStrategies" name="test_flat_strategy_charges_fixed_fine" time="0.002" /><testcase classname="tests.integration.test_reservations_users_fines.TestFineStrategies" name="test_progressive_strategy_higher_fine_long_overdue" time="0.002" /><testcase classname="tests.integration.test_reservations_users_fines.TestStatistics" name="test_statistics_default" time="0.001" /><testcase classname="tests.integration.test_reservations_users_fines.TestStatistics" name="test_statistics_after_actions" time="0.001" /><testcase classname="tests.integration.test_reservations_users_fines.TestStatistics" name="test_search_books" time="0.001" /><testcase classname="tests.integration.test_reservations_users_fines.TestStatistics" name="test_list_available_books" time="0.001" /><testcase classname="tests.integration.test_reservations_users_fines.TestStatistics" name="test_process_overdue_loans" time="0.002" /><testcase classname="tests.integration.test_reservations_users_fines.TestBookManagement" name="test_add_book" time="0.011" /><testcase classname="tests.integration.test_reservations_users_fines.TestBookManagement" name="test_add_duplicate_isbn_raises" time="0.004" /><testcase classname="tests.integration.test_reservations_users_fines.TestBookManagement" name="test_remove_available_book" time="0.002" /><testcase classname="tests.integration.test_reservations_users_fines.TestBookManagement" name="test_remove_borrowed_book_raises" time="0.002" /><testcase classname="tests.integration.test_reservations_users_fines.TestBookManagement" name="test_remove_nonexistent_book_raises" time="0.002" /><testcase classname="tests.integration.test_reservations_users_fines.TestBookManagement" name="test_list_all_books" time="0.002" /><testcase classname="tests.integration.test_reservations_users_fines.TestBookManagement" name="test_get_user_loans" time="0.002" /><testcase classname="tests.unit.test_book_model.TestBookCreation" name="test_book_default_status_available" time="0.002" /><testcase classname="tests.unit.test_book_model.TestBookCreation" name="test_book_fields_set_correctly" time="0.001" /><testcase classname="tests.unit.test_book_model.TestBookCreation" name="test_book_reservation_queue_empty_by_default" time="0.001" /><testcase classname="tests.unit.test_book_model.TestBookCreation" name="test_book_borrower_none_by_default" time="0.001" /><testcase classname="tests.unit.test_book_model.TestBookCreation" name="test_book_due_date_none_by_default" time="0.001" /><testcase classname="tests.unit.test_book_model.TestBookStatusChecks" name="test_is_available_true" time="0.001" /><testcase classname="tests.unit.test_book_model.TestBookStatusChecks" name="test_is_available_false_when_borrowed" time="0.001" /><testcase classname="tests.unit.test_book_model.TestBookStatusChecks" name="test_is_borrowed_true" time="0.001" /><testcase classname="tests.unit.test_book_model.TestBookStatusChecks" name="test_is_borrowed_false_when_available" time="0.001" /><testcase classname="tests.unit.test_book_model.TestBookStatusChecks" name="test_is_reserved_true" time="0.001" /><testcase classname="tests.unit.test_book_model.TestBookStatusChecks" name="test_is_reserved_false_when_available" time="0.001" /><testcase classname="tests.unit.test_book_model.TestBookStatusChecks" name="test_book_lost_status" time="0.001" /><testcase classname="tests.unit.test_book_model.TestBookQueue" name="test_add_to_queue" time="0.001" /><testcase classname="tests.unit.test_book_model.TestBookQueue" name="test_add_same_user_twice_no_duplicate" time="0.001" /><testcase classname="tests.unit.test_book_model.TestBookQueue" name="test_add_multiple_users" time="0.001" /><testcase classname="tests.unit.test_book_model.TestBookQueue" name="test_queue_order_preserved" time="0.001" /><testcase classname="tests.unit.test_book_model.TestBookQueue" name="test_remove_from_queue" time="0.001" /><testcase classname="tests.unit.test_book_model.TestBookQueue" name="test_remove_nonexistent_from_queue_no_error" time="0.001" /><testcase classname="tests.unit.test_book_model.TestBookQueue" name="test_has_reservation_queue_false_when_empty" time="0.001" /><testcase classname="tests.unit.test_book_model.TestBookQueue" name="test_has_reservation_queue_true_when_users" time="0.001" /><testcase classname="tests.unit.test_book_model.TestBookQueue" name="test_next_in_queue_returns_first" time="0.001" /><testcase classname="tests.unit.test_book_model.TestBookQueue" name="test_next_in_queue_none_when_empty" time="0.001" /><testcase classname="tests.unit.test_book_model.TestBookQueue" name="test_remove_first_shifts_queue" time="0.001" /><testcase classname="tests.unit.test_book_model.TestBookStatuses" name="test_status_change_from_available_to_borrowed" time="0.001" /><testcase classname="tests.unit.test_book_model.TestBookStatuses" name="test_status_change_from_borrowed_to_available" time="0.001" /><testcase classname="tests.unit.test_book_model.TestBookStatuses" name="test_book_repr" time="0.001" /><testcase classname="tests.unit.test_book_model.TestBookStatuses" name="test_book_status_all_values" time="0.001" /><testcase classname="tests.unit.test_fine_strategy.TestStandardFineStrategy" name="test_name" time="0.001" /><testcase classname="tests.unit.test_fine_strategy.TestStandardFineStrategy" name="test_no_fine_when_not_overdue" time="0.001" /><testcase classname="tests.unit.test_fine_strategy.TestStandardFineStrategy" name="test_fine_1_day" time="0.001" /><testcase classname="tests.unit.test_fine_strategy.TestStandardFineStrategy" name="test_fine_7_days" time="0.001" /><testcase classname="tests.unit.test_fine_strategy.TestStandardFineStrategy" name="test_fine_14_days" time="0.001" /><testcase classname="tests.unit.test_fine_strategy.TestStandardFineStrategy" name="test_fine_30_days" time="0.001" /><testcase classname="tests.unit.test_fine_strategy.TestStandardFineStrategy" name="test_fine_rounded_to_2_decimals" time="0.001" /><testcase classname="tests.unit.test_fine_strategy.TestProgressiveFineStrategy" name="test_name" time="0.001" /><testcase classname="tests.unit.test_fine_strategy.TestProgressiveFineStrategy" name="test_no_fine_not_overdue" time="0.001" /><testcase classname="tests.unit.test_fine_strategy.TestProgressiveFineStrategy" name="test_first_week_base_rate" time="0.001" /><testcase classname="tests.unit.test_fine_strategy.TestProgressiveFineStrategy" name="test_second_week_higher_rate" time="0.001" /><testcase classname="tests.unit.test_fine_strategy.TestProgressiveFineStrategy" name="test_after_14_days_highest_rate" time="0.001" /><testcase classname="tests.unit.test_fine_strategy.TestProgressiveFineStrategy" name="test_1_day_progressive" time="0.001" /><testcase classname="tests.unit.test_fine_strategy.TestProgressiveFineStrategy" name="test_8_days_progressive" time="0.001" /><testcase classname="tests.unit.test_fine_strategy.TestProgressiveFineStrategy" name="test_progressive_more_than_standard_after_7_days" time="0.001" /><testcase classname="tests.unit.test_fine_strategy.TestFlatFineStrategy" name="test_name" time="0.001" /><testcase classname="tests.unit.test_fine_strategy.TestFlatFineStrategy" name="test_no_fine_not_overdue" time="0.001" /><testcase classname="tests.unit.test_fine_strategy.TestFlatFineStrategy" name="test_flat_amount_1_day" time="0.001" /><testcase classname="tests.unit.test_fine_strategy.TestFlatFineStrategy" name="test_flat_amount_30_days" time="0.001" /><testcase classname="tests.unit.test_fine_strategy.TestFlatFineStrategy" name="test_flat_amount_same_regardless_of_days" time="0.001" /><testcase classname="tests.unit.test_fine_strategy.TestWeeklyFineStrategy" name="test_name" time="0.001" /><testcase classname="tests.unit.test_fine_strategy.TestWeeklyFineStrategy" name="test_no_fine_not_overdue" time="0.001" /><testcase classname="tests.unit.test_fine_strategy.TestWeeklyFineStrategy" name="test_1_day_1_week" time="0.001" /><testcase classname="tests.unit.test_fine_strategy.TestWeeklyFineStrategy" name="test_7_days_1_week" time="0.001" /><testcase classname="tests.unit.test_fine_strategy.TestWeeklyFineStrategy" name="test_8_days_2_weeks" time="0.001" /><testcase classname="tests.unit.test_fine_strategy.TestWeeklyFineStrategy" name="test_14_days_2_weeks" time="0.001" /><testcase classname="tests.unit.test_fine_strategy.TestWeeklyFineStrategy" name="test_15_days_3_weeks" time="0.001" /><testcase classname="tests.unit.test_fine_strategy.TestFineCalculator" name="test_uses_injected_strategy" time="0.001" /><testcase classname="tests.unit.test_fine_strategy.TestFineCalculator" name="test_strategy_can_be_swapped" time="0.001" /><testcase classname="tests.unit.test_fine_strategy.TestFineCalculator" name="test_strategy_name" time="0.001" /><testcase classname="tests.unit.test_loan_model.TestLoanCreation" name="test_default_status_active" time="0.001" /><testcase classname="tests.unit.test_loan_model.TestLoanCreation" name="test_default_fine_zero" time="0.001" /><testcase classname="tests.unit.test_loan_model.TestLoanCreation" name="test_extended_false_by_default" time="0.001" /><testcase classname="tests.unit.test_loan_model.TestLoanCreation" name="test_returned_at_none" time="0.001" /><testcase classname="tests.unit.test_loan_model.TestLoanCreation" name="test_loan_fields_set" time="0.001" /><testcase classname="tests.unit.test_loan_model.TestLoanOverdue" name="test_not_overdue_when_future_due" time="0.001" /><testcase classname="tests.unit.test_loan_model.TestLoanOverdue" name="test_overdue_when_past_due" time="0.001" /><testcase classname="tests.unit.test_loan_model.TestLoanOverdue" name="test_days_overdue_zero_when_not_overdue" time="0.001" /><testcase classname="tests.unit.test_loan_model.TestLoanOverdue" name="test_days_overdue_correct" time="0.001" /><testcase classname="tests.unit.test_loan_model.TestLoanOverdue" name="test_returned_loan_not_overdue" time="0.001" /><testcase classname="tests.unit.test_loan_model.TestLoanOverdue" name="test_days_remaining_positive_when_not_due" time="0.001" /><testcase classname="tests.unit.test_loan_model.TestLoanOverdue" name="test_days_remaining_zero_for_returned" time="0.001" /><testcase classname="tests.unit.test_loan_model.TestLoanExtension" name="test_can_extend_active_not_overdue" time="0.001" /><testcase classname="tests.unit.test_loan_model.TestLoanExtension" name="test_cannot_extend_if_already_extended" time="0.001" /><testcase classname="tests.unit.test_loan_model.TestLoanExtension" name="test_cannot_extend_if_overdue" time="0.001" /><testcase classname="tests.unit.test_loan_model.TestLoanExtension" name="test_extend_adds_7_days" time="0.001" /><testcase classname="tests.unit.test_loan_model.TestLoanExtension" name="test_extend_marks_extended_true" time="0.001" /><testcase classname="tests.unit.test_loan_model.TestLoanExtension" name="test_extend_returned_loan_not_extended" time="0.001" /><testcase classname="tests.unit.test_loan_model.TestLoanStatusChanges" name="test_mark_returned_sets_status" time="0.001" /><testcase classname="tests.unit.test_loan_model.TestLoanStatusChanges" name="test_mark_returned_sets_returned_at" time="0.001" /><testcase classname="tests.unit.test_loan_model.TestLoanStatusChanges" name="test_mark_returned_custom_date" time="0.001" /><testcase classname="tests.unit.test_loan_model.TestLoanStatusChanges" name="test_mark_lost" time="0.001" /><testcase classname="tests.unit.test_loan_model.TestLoanStatusChanges" name="test_update_status_marks_overdue" time="0.001" /><testcase classname="tests.unit.test_loan_model.TestLoanStatusChanges" name="test_update_status_no_change_when_not_overdue" time="0.001" /><testcase classname="tests.unit.test_loan_model.TestLoanStatusChanges" name="test_repr_contains_status" time="0.001" /><testcase classname="tests.unit.test_observer.TestEventBus" name="test_subscribe_and_publish" time="0.002" /><testcase classname="tests.unit.test_observer.TestEventBus" name="test_publish_no_observers_no_error" time="0.001" /><testcase classname="tests.unit.test_observer.TestEventBus" name="test_unsubscribe" time="0.002" /><testcase classname="tests.unit.test_observer.TestEventBus" name="test_subscribe_all" time="0.002" /><testcase classname="tests.unit.test_observer.TestEventBus" name="test_publish_event_shortcut" time="0.002" /><testcase classname="tests.unit.test_observer.TestEventBus" name="test_same_observer_not_duplicated" time="0.002" /><testcase classname="tests.unit.test_observer.TestEventBus" name="test_multiple_observers" time="0.003" /><testcase classname="tests.unit.test_observer.TestNotificationObserver" name="test_book_returned_creates_notification" time="0.001" /><testcase classname="tests.unit.test_observer.TestNotificationObserver" name="test_book_overdue_creates_notification" time="0.001" /><testcase classname="tests.unit.test_observer.TestNotificationObserver" name="test_fine_charged_creates_notification" time="0.001" /><testcase classname="tests.unit.test_observer.TestNotificationObserver" name="test_user_blocked_creates_notification" time="0.001" /><testcase classname="tests.unit.test_observer.TestNotificationObserver" name="test_book_available_notifies_waiting_users" time="0.001" /><testcase classname="tests.unit.test_observer.TestNotificationObserver" name="test_reservation_ready_notification" time="0.001" /><testcase classname="tests.unit.test_observer.TestNotificationObserver" name="test_loan_extended_notification" time="0.001" /><testcase classname="tests.unit.test_observer.TestNotificationObserver" name="test_unknown_event_no_error" time="0.001" /><testcase classname="tests.unit.test_observer.TestNotificationObserver" name="test_notification_unread_by_default" time="0.001" /><testcase classname="tests.unit.test_repositories.TestInMemoryBookRepository" name="test_save_and_find_by_id" time="0.001" /><testcase classname="tests.unit.test_repositories.TestInMemoryBookRepository" name="test_find_by_id_missing" time="0.001" /><testcase classname="tests.unit.test_repositories.TestInMemoryBookRepository" name="test_find_all_empty" time="0.001" /><testcase classname="tests.unit.test_repositories.TestInMemoryBookRepository" name="test_find_all_returns_all" time="0.001" /><testcase classname="tests.unit.test_repositories.TestInMemoryBookRepository" name="test_delete_existing" time="0.001" /><testcase classname="tests.unit.test_repositories.TestInMemoryBookRepository" name="test_delete_nonexistent" time="0.001" /><testcase classname="tests.unit.test_repositories.TestInMemoryBookRepository" name="test_exists_true" time="0.001" /><testcase classname="tests.unit.test_repositories.TestInMemoryBookRepository" name="test_exists_false" time="0.001" /><testcase classname="tests.unit.test_repositories.TestInMemoryBookRepository" name="test_find_by_isbn" time="0.001" /><testcase classname="tests.unit.test_repositories.TestInMemoryBookRepository" name="test_find_by_isbn_not_found" time="0.001" /><testcase classname="tests.unit.test_repositories.TestInMemoryBookRepository" name="test_find_by_author" time="0.001" /><testcase classname="tests.unit.test_repositories.TestInMemoryBookRepository" name="test_find_by_author_case_insensitive" time="0.001" /><testcase classname="tests.unit.test_repositories.TestInMemoryBookRepository" name="test_find_by_genre" time="0.001" /><testcase classname="tests.unit.test_repositories.TestInMemoryBookRepository" name="test_find_by_genre_case_insensitive" time="0.001" /><testcase classname="tests.unit.test_repositories.TestInMemoryBookRepository" name="test_find_available" time="0.001" /><testcase classname="tests.unit.test_repositories.TestInMemoryBookRepository" name="test_search_by_title" time="0.001" /><testcase classname="tests.unit.test_repositories.TestInMemoryBookRepository" name="test_search_by_author" time="0.001" /><testcase classname="tests.unit.test_repositories.TestInMemoryBookRepository" name="test_search_by_isbn" time="0.001" /><testcase classname="tests.unit.test_repositories.TestInMemoryBookRepository" name="test_search_no_results" time="0.001" /><testcase classname="tests.unit.test_repositories.TestInMemoryBookRepository" name="test_count" time="0.001" /><testcase classname="tests.unit.test_repositories.TestInMemoryBookRepository" name="test_save_updates_existing" time="0.001" /><testcase classname="tests.unit.test_repositories.TestInMemoryUserRepository" name="test_save_and_find" time="0.001" /><testcase classname="tests.unit.test_repositories.TestInMemoryUserRepository" name="test_find_by_email" time="0.001" /><testcase classname="tests.unit.test_repositories.TestInMemoryUserRepository" name="test_find_by_email_not_found" time="0.001" /><testcase classname="tests.unit.test_repositories.TestInMemoryUserRepository" name="test_find_by_role_reader" time="0.001" /><testcase classname="tests.unit.test_repositories.TestInMemoryUserRepository" name="test_find_blocked" time="0.001" /><testcase classname="tests.unit.test_repositories.TestInMemoryUserRepository" name="test_delete" time="0.001" /><testcase classname="tests.unit.test_repositories.TestInMemoryUserRepository" name="test_exists" time="0.001" /><testcase classname="tests.unit.test_repositories.TestInMemoryLoanRepository" name="test_save_and_find" time="0.001" /><testcase classname="tests.unit.test_repositories.TestInMemoryLoanRepository" name="test_find_by_user" time="0.001" /><testcase classname="tests.unit.test_repositories.TestInMemoryLoanRepository" name="test_find_by_book" time="0.001" /><testcase classname="tests.unit.test_repositories.TestInMemoryLoanRepository" name="test_find_active" time="0.001" /><testcase classname="tests.unit.test_repositories.TestInMemoryLoanRepository" name="test_find_overdue" time="0.001" /><testcase classname="tests.unit.test_repositories.TestInMemoryLoanRepository" name="test_find_active_by_user_and_book" time="0.001" /><testcase classname="tests.unit.test_repositories.TestInMemoryLoanRepository" name="test_find_active_by_user_and_book_not_found" time="0.001" /><testcase classname="tests.unit.test_repositories.TestInMemoryNotificationRepository" name="test_save_and_find" time="0.001" /><testcase classname="tests.unit.test_repositories.TestInMemoryNotificationRepository" name="test_find_by_user" time="0.001" /><testcase classname="tests.unit.test_repositories.TestInMemoryNotificationRepository" name="test_find_unread_by_user" time="0.001" /><testcase classname="tests.unit.test_repositories.TestInMemoryNotificationRepository" name="test_delete" time="0.001" /><testcase classname="tests.unit.test_user_model.TestUserCreation" name="test_default_status_active" time="0.001" /><testcase classname="tests.unit.test_user_model.TestUserCreation" name="test_default_fine_zero" time="0.001" /><testcase classname="tests.unit.test_user_model.TestUserCreation" name="test_default_borrowed_empty" time="0.001" /><testcase classname="tests.unit.test_user_model.TestUserCreation" name="test_default_reserved_empty" time="0.001" /><testcase classname="tests.unit.test_user_model.TestUserCreation" name="test_user_role_reader" time="0.001" /><testcase classname="tests.unit.test_user_model.TestUserCreation" name="test_user_role_librarian" time="0.001" /><testcase classname="tests.unit.test_user_model.TestUserCreation" name="test_borrow_count_starts_zero" time="0.001" /><testcase classname="tests.unit.test_user_model.TestUserStatusChecks" name="test_is_active_true" time="0.001" /><testcase classname="tests.unit.test_user_model.TestUserStatusChecks" name="test_is_active_false_when_blocked" time="0.001" /><testcase classname="tests.unit.test_user_model.TestUserStatusChecks" name="test_is_blocked_true" time="0.001" /><testcase classname="tests.unit.test_user_model.TestUserStatusChecks" name="test_is_blocked_false_when_active" time="0.001" /><testcase classname="tests.unit.test_user_model.TestUserStatusChecks" name="test_block_changes_status" time="0.001" /><testcase classname="tests.unit.test_user_model.TestUserStatusChecks" name="test_unblock_changes_status" time="0.001" /><testcase classname="tests.unit.test_user_model.TestUserCanBorrow" name="test_active_user_can_borrow" time="0.001" /><testcase classname="tests.unit.test_user_model.TestUserCanBorrow" name="test_blocked_user_cannot_borrow" time="0.001" /><testcase classname="tests.unit.test_user_model.TestUserCanBorrow" name="test_user_at_limit_cannot_borrow" time="0.001" /><testcase classname="tests.unit.test_user_model.TestUserCanBorrow" name="test_user_with_high_fine_cannot_borrow" time="0.001" /><testcase classname="tests.unit.test_user_model.TestUserCanBorrow" name="test_user_with_fine_below_limit_can_borrow" time="0.001" /><testcase classname="tests.unit.test_user_model.TestUserFines" name="test_add_fine_increases_amount" time="0.001" /><testcase classname="tests.unit.test_user_model.TestUserFines" name="test_add_multiple_fines" time="0.001" /><testcase classname="tests.unit.test_user_model.TestUserFines" name="test_fine_above_limit_blocks_user" time="0.001" /><testcase classname="tests.unit.test_user_model.TestUserFines" name="test_fine_exactly_at_limit_blocks" time="0.001" /><testcase classname="tests.unit.test_user_model.TestUserFines" name="test_fine_below_limit_does_not_block" time="0.001" /><testcase classname="tests.unit.test_user_model.TestUserFines" name="test_pay_fine_reduces_amount" time="0.001" /><testcase classname="tests.unit.test_user_model.TestUserFines" name="test_pay_more_than_owed_capped_at_owed" time="0.001" /><testcase classname="tests.unit.test_user_model.TestUserFines" name="test_pay_fine_unblocks_user" time="0.001" /><testcase classname="tests.unit.test_user_model.TestUserFines" name="test_pay_fine_returns_paid_amount" time="0.001" /><testcase classname="tests.unit.test_user_model.TestUserBooks" name="test_add_borrowed_book" time="0.001" /><testcase classname="tests.unit.test_user_model.TestUserBooks" name="test_add_same_book_no_duplicate" time="0.001" /><testcase classname="tests.unit.test_user_model.TestUserBooks" name="test_remove_borrowed_book" time="0.001" /><testcase classname="tests.unit.test_user_model.TestUserBooks" name="test_borrow_count_increases" time="0.001" /><testcase classname="tests.unit.test_user_model.TestUserBooks" name="test_add_reserved_book" time="0.001" /><testcase classname="tests.unit.test_user_model.TestUserBooks" name="test_remove_reserved_book" time="0.001" /><testcase classname="tests.unit.test_user_model.TestUserBooks" name="test_repr_contains_name" time="0.001" /></testsuite></testsuites>